TN:
SF:tests.config.ts
FNF:0
FNH:0
DA:1,1
DA:2,1
DA:3,1
LF:3
LH:3
BRF:0
BRH:0
end_of_record
TN:
SF:function/auth.function.ts
FN:5,authUser
FNF:1
FNH:1
FNDA:10,authUser
DA:1,1
DA:2,1
DA:3,1
DA:4,1
DA:5,1
DA:6,10
DA:7,10
DA:8,10
DA:9,10
DA:10,10
DA:11,10
DA:12,10
DA:13,10
DA:14,10
DA:15,10
DA:16,10
DA:17,10
DA:18,10
DA:19,0
DA:20,0
DA:21,0
LF:21
LH:18
BRDA:5,0,0,10
BRDA:19,1,0,0
BRF:2
BRH:1
end_of_record
TN:
SF:function/index.ts
FN:1,get
FN:2,get
FN:3,get
FN:3,get
FNF:4
FNH:3
FNDA:3,get
FNDA:15,get
FNDA:1,get
FNDA:0,get
DA:1,1
DA:2,1
DA:3,1
LF:3
LH:3
BRDA:1,0,0,3
BRDA:2,1,0,15
BRDA:3,2,0,1
BRF:3
BRH:3
end_of_record
TN:
SF:function/project.function.ts
FN:5,createProject
FN:24,getProject
FNF:2
FNH:1
FNDA:0,createProject
FNDA:1,getProject
DA:1,1
DA:2,1
DA:3,1
DA:4,1
DA:5,1
DA:6,0
DA:7,0
DA:8,0
DA:9,0
DA:10,0
DA:11,0
DA:12,0
DA:13,0
DA:14,0
DA:15,0
DA:16,0
DA:17,0
DA:18,0
DA:19,0
DA:20,0
DA:21,0
DA:22,0
DA:23,1
DA:24,1
DA:25,1
DA:26,1
DA:27,1
DA:28,1
DA:29,1
DA:30,1
DA:31,1
DA:32,1
DA:33,1
DA:34,0
DA:35,0
DA:36,0
DA:37,1
DA:38,1
LF:38
LH:18
BRDA:24,0,0,1
BRDA:34,1,0,0
BRF:2
BRH:1
end_of_record
TN:
SF:function/regist.function.ts
FN:5,registUser
FNF:1
FNH:1
FNDA:15,registUser
DA:1,1
DA:2,1
DA:3,1
DA:4,1
DA:5,1
DA:6,15
DA:7,15
DA:8,15
DA:9,15
DA:10,15
DA:11,15
DA:12,15
DA:13,15
DA:14,15
DA:15,15
DA:16,15
DA:17,15
DA:18,15
DA:19,15
DA:20,15
DA:21,15
DA:22,15
DA:23,0
DA:24,0
DA:25,0
LF:25
LH:22
BRDA:5,0,0,15
BRDA:23,1,0,0
BRF:2
BRH:1
end_of_record
